<?xml version="1.0" encoding="UTF-8"?>
<testng-results skipped="0" failed="0" ignored="0" total="1" passed="1">
  <reporter-output>
  </reporter-output>
  <suite name="Suite" duration-ms="11525" started-at="2025-02-23T14:34:00Z" finished-at="2025-02-23T14:34:12Z">
    <groups>
    </groups>
    <test name="Test" duration-ms="11525" started-at="2025-02-23T14:34:00Z" finished-at="2025-02-23T14:34:12Z">
      <class name="apiChaining.EndToEndTesting">
        <test-method status="PASS" signature="test1()[pri:0, instance:apiChaining.EndToEndTesting@56c4278e]" name="test1" duration-ms="11513" started-at="2025-02-23T14:34:00Z" finished-at="2025-02-23T14:34:12Z">
          <reporter-output>
          </reporter-output>
        </test-method> <!-- test1 -->
      </class> <!-- apiChaining.EndToEndTesting -->
    </test> <!-- Test -->
  </suite> <!-- Suite -->
</testng-results>
