<?xml version="1.0" encoding="UTF-8"?>
<testng-results ignored="0" total="1" passed="1" failed="0" skipped="0">
  <reporter-output>
  </reporter-output>
  <suite started-at="2025-02-23T13:54:23Z" name="Default suite" finished-at="2025-02-23T13:54:24Z" duration-ms="1716">
    <groups>
    </groups>
    <test started-at="2025-02-23T13:54:23Z" name="Default test" finished-at="2025-02-23T13:54:24Z" duration-ms="1716">
      <class name="apiChaining.EndToEndTesting">
        <test-method signature="test1()[pri:0, instance:apiChaining.EndToEndTesting@78d6692f]" started-at="2025-02-23T13:54:23Z" name="test1" finished-at="2025-02-23T13:54:24Z" duration-ms="1700" status="PASS">
          <reporter-output>
          </reporter-output>
        </test-method> <!-- test1 -->
      </class> <!-- apiChaining.EndToEndTesting -->
    </test> <!-- Default test -->
  </suite> <!-- Default suite -->
</testng-results>
